Start testing: Feb 28 16:19 CET
----------------------------------------------------------
1/6 Testing: test_spirv
1/6 Test: test_spirv
Command: "/home/georg/code/webvulkan/build-sanitize/tests/test_spirv"
Directory: /home/georg/code/webvulkan/build-sanitize/tests
"test_spirv" start time: Feb 28 16:19 CET
Output:
----------------------------------------------------------
=== SPIR-V Parser Tests ===

Running test_magic_number...
[PASS] test_magic_number
Running test_opcode_values...
[PASS] test_opcode_values
Running test_storage_class_values...
[PASS] test_storage_class_values
Running test_decoration_values...
[PASS] test_decoration_values
Running test_builtin_values...
[PASS] test_builtin_values
Running test_execution_model_values...
[PASS] test_execution_model_values
Running test_type_structures...
[PASS] test_type_structures
Running test_parser_init...
[PASS] test_parser_init
Running test_get_type...
[PASS] test_get_type
Running test_get_constant...
[PASS] test_get_constant
Running test_get_variable...
[PASS] test_get_variable
Running test_simple_vertex_shader...
[PASS] test_simple_vertex_shader

=== All tests passed ===
<end of output>
Test time =   0.05 sec
----------------------------------------------------------
Test Passed.
"test_spirv" end time: Feb 28 16:19 CET
"test_spirv" time elapsed: 00:00:00
----------------------------------------------------------

2/6 Testing: test_instance
2/6 Test: test_instance
Command: "/home/georg/code/webvulkan/build-sanitize/tests/test_instance"
Directory: /home/georg/code/webvulkan/build-sanitize/tests
"test_instance" start time: Feb 28 16:19 CET
Output:
----------------------------------------------------------
[PASS] test_create_null_create_info
[PASS] test_create_null_out_ptr
[PASS] test_destroy_null
[PASS] test_enumerate_null_instance
[PASS] test_enumerate_null_count
test_instance: ALL PASSED
<end of output>
Test time =   0.04 sec
----------------------------------------------------------
Test Passed.
"test_instance" end time: Feb 28 16:19 CET
"test_instance" time elapsed: 00:00:00
----------------------------------------------------------

3/6 Testing: test_buffer
3/6 Test: test_buffer
Command: "/home/georg/code/webvulkan/build-sanitize/tests/test_buffer"
Directory: /home/georg/code/webvulkan/build-sanitize/tests
"test_buffer" start time: Feb 28 16:19 CET
Output:
----------------------------------------------------------
[PASS] test_create_null_device
[PASS] test_create_null_create_info
[PASS] test_create_null_out_ptr
[PASS] test_destroy_null
test_buffer: ALL PASSED
<end of output>
Test time =   0.05 sec
----------------------------------------------------------
Test Passed.
"test_buffer" end time: Feb 28 16:19 CET
"test_buffer" time elapsed: 00:00:00
----------------------------------------------------------

4/6 Testing: test_device
4/6 Test: test_device
Command: "/home/georg/code/webvulkan/build-sanitize/tests/test_device"
Directory: /home/georg/code/webvulkan/build-sanitize/tests
"test_device" start time: Feb 28 16:19 CET
Output:
----------------------------------------------------------
[PASS] test_create_null_physical_device
[PASS] test_create_null_out_ptr
[PASS] test_destroy_null
[PASS] test_device_wait_idle_null
[PASS] test_get_device_queue_null_device
[PASS] test_get_device_queue_null_out_ptr
test_device: ALL PASSED
<end of output>
Test time =   0.05 sec
----------------------------------------------------------
Test Passed.
"test_device" end time: Feb 28 16:19 CET
"test_device" time elapsed: 00:00:00
----------------------------------------------------------

5/6 Testing: test_image
5/6 Test: test_image
Command: "/home/georg/code/webvulkan/build-sanitize/tests/test_image"
Directory: /home/georg/code/webvulkan/build-sanitize/tests
"test_image" start time: Feb 28 16:19 CET
Output:
----------------------------------------------------------
[PASS] test_create_null_device
[PASS] test_create_null_create_info
[PASS] test_create_null_out_ptr
[PASS] test_destroy_null
test_image: ALL PASSED
<end of output>
Test time =   0.04 sec
----------------------------------------------------------
Test Passed.
"test_image" end time: Feb 28 16:19 CET
"test_image" time elapsed: 00:00:00
----------------------------------------------------------

6/6 Testing: test_pipeline
6/6 Test: test_pipeline
Command: "/home/georg/code/webvulkan/build-sanitize/tests/test_pipeline"
Directory: /home/georg/code/webvulkan/build-sanitize/tests
"test_pipeline" start time: Feb 28 16:19 CET
Output:
----------------------------------------------------------
[PASS] test_create_graphics_null_device
[PASS] test_create_graphics_null_create_infos
[PASS] test_create_graphics_null_out_ptr
[PASS] test_create_compute_null_device
[PASS] test_create_compute_null_create_infos
[PASS] test_destroy_null
test_pipeline: ALL PASSED
<end of output>
Test time =   0.05 sec
----------------------------------------------------------
Test Passed.
"test_pipeline" end time: Feb 28 16:19 CET
"test_pipeline" time elapsed: 00:00:00
----------------------------------------------------------

End testing: Feb 28 16:19 CET
